Determining if the pthread_create exist failed with the following output:
Change Dir: /home/osboxes/SpaceHAUC/tracking-algorithm/CMakeFiles/CMakeTmp

Run Build Command:"/usr/bin/make" "cmTC_e2af3/fast"
/usr/bin/make -f CMakeFiles/cmTC_e2af3.dir/build.make CMakeFiles/cmTC_e2af3.dir/build
make[1]: Entering directory '/home/osboxes/SpaceHAUC/tracking-algorithm/CMakeFiles/CMakeTmp'
Building C object CMakeFiles/cmTC_e2af3.dir/CheckSymbolExists.c.o
/usr/bin/cc    -o CMakeFiles/cmTC_e2af3.dir/CheckSymbolExists.c.o   -c /home/osboxes/SpaceHAUC/tracking-algorithm/CMakeFiles/CMakeTmp/CheckSymbolExists.c
Linking C executable cmTC_e2af3
/usr/bin/cmake -E cmake_link_script CMakeFiles/cmTC_e2af3.dir/link.txt --verbose=1
/usr/bin/cc      -rdynamic CMakeFiles/cmTC_e2af3.dir/CheckSymbolExists.c.o  -o cmTC_e2af3 
CMakeFiles/cmTC_e2af3.dir/CheckSymbolExists.c.o: In function `main':
CheckSymbolExists.c:(.text+0x1b): undefined reference to `pthread_create'
collect2: error: ld returned 1 exit status
CMakeFiles/cmTC_e2af3.dir/build.make:97: recipe for target 'cmTC_e2af3' failed
make[1]: *** [cmTC_e2af3] Error 1
make[1]: Leaving directory '/home/osboxes/SpaceHAUC/tracking-algorithm/CMakeFiles/CMakeTmp'
Makefile:126: recipe for target 'cmTC_e2af3/fast' failed
make: *** [cmTC_e2af3/fast] Error 2

File /home/osboxes/SpaceHAUC/tracking-algorithm/CMakeFiles/CMakeTmp/CheckSymbolExists.c:
/* */
#include <pthread.h>

int main(int argc, char** argv)
{
  (void)argv;
#ifndef pthread_create
  return ((int*)(&pthread_create))[argc];
#else
  (void)argc;
  return 0;
#endif
}

Determining if the function pthread_create exists in the pthreads failed with the following output:
Change Dir: /home/osboxes/SpaceHAUC/tracking-algorithm/CMakeFiles/CMakeTmp

Run Build Command:"/usr/bin/make" "cmTC_54c91/fast"
/usr/bin/make -f CMakeFiles/cmTC_54c91.dir/build.make CMakeFiles/cmTC_54c91.dir/build
make[1]: Entering directory '/home/osboxes/SpaceHAUC/tracking-algorithm/CMakeFiles/CMakeTmp'
Building C object CMakeFiles/cmTC_54c91.dir/CheckFunctionExists.c.o
/usr/bin/cc   -DCHECK_FUNCTION_EXISTS=pthread_create   -o CMakeFiles/cmTC_54c91.dir/CheckFunctionExists.c.o   -c /usr/share/cmake-3.9/Modules/CheckFunctionExists.c
Linking C executable cmTC_54c91
/usr/bin/cmake -E cmake_link_script CMakeFiles/cmTC_54c91.dir/link.txt --verbose=1
/usr/bin/cc  -DCHECK_FUNCTION_EXISTS=pthread_create    -rdynamic CMakeFiles/cmTC_54c91.dir/CheckFunctionExists.c.o  -o cmTC_54c91 -lpthreads 
/usr/bin/ld: cannot find -lpthreads
collect2: error: ld returned 1 exit status
CMakeFiles/cmTC_54c91.dir/build.make:97: recipe for target 'cmTC_54c91' failed
make[1]: *** [cmTC_54c91] Error 1
make[1]: Leaving directory '/home/osboxes/SpaceHAUC/tracking-algorithm/CMakeFiles/CMakeTmp'
Makefile:126: recipe for target 'cmTC_54c91/fast' failed
make: *** [cmTC_54c91/fast] Error 2


Determining if the pthread_create exist failed with the following output:
Change Dir: /home/osboxes/SpaceHAUC/tracking-algorithm/CMakeFiles/CMakeTmp

Run Build Command:"/usr/bin/make" "cmTC_1f77e/fast"
make[1]: Entering directory '/home/osboxes/SpaceHAUC/tracking-algorithm/CMakeFiles/CMakeTmp'
/usr/bin/make -f CMakeFiles/cmTC_1f77e.dir/build.make CMakeFiles/cmTC_1f77e.dir/build
make[2]: Entering directory '/home/osboxes/SpaceHAUC/tracking-algorithm/CMakeFiles/CMakeTmp'
Building C object CMakeFiles/cmTC_1f77e.dir/CheckSymbolExists.c.o
/usr/bin/cc    -o CMakeFiles/cmTC_1f77e.dir/CheckSymbolExists.c.o   -c /home/osboxes/SpaceHAUC/tracking-algorithm/CMakeFiles/CMakeTmp/CheckSymbolExists.c
Linking C executable cmTC_1f77e
/usr/bin/cmake -E cmake_link_script CMakeFiles/cmTC_1f77e.dir/link.txt --verbose=1
/usr/bin/cc      -rdynamic CMakeFiles/cmTC_1f77e.dir/CheckSymbolExists.c.o  -o cmTC_1f77e 
CMakeFiles/cmTC_1f77e.dir/CheckSymbolExists.c.o: In function `main':
CheckSymbolExists.c:(.text+0x1b): undefined reference to `pthread_create'
collect2: error: ld returned 1 exit status
CMakeFiles/cmTC_1f77e.dir/build.make:97: recipe for target 'cmTC_1f77e' failed
make[2]: *** [cmTC_1f77e] Error 1
make[2]: Leaving directory '/home/osboxes/SpaceHAUC/tracking-algorithm/CMakeFiles/CMakeTmp'
Makefile:126: recipe for target 'cmTC_1f77e/fast' failed
make[1]: *** [cmTC_1f77e/fast] Error 2
make[1]: Leaving directory '/home/osboxes/SpaceHAUC/tracking-algorithm/CMakeFiles/CMakeTmp'

File /home/osboxes/SpaceHAUC/tracking-algorithm/CMakeFiles/CMakeTmp/CheckSymbolExists.c:
/* */
#include <pthread.h>

int main(int argc, char** argv)
{
  (void)argv;
#ifndef pthread_create
  return ((int*)(&pthread_create))[argc];
#else
  (void)argc;
  return 0;
#endif
}

Determining if the function pthread_create exists in the pthreads failed with the following output:
Change Dir: /home/osboxes/SpaceHAUC/tracking-algorithm/CMakeFiles/CMakeTmp

Run Build Command:"/usr/bin/make" "cmTC_bf5e4/fast"
make[1]: Entering directory '/home/osboxes/SpaceHAUC/tracking-algorithm/CMakeFiles/CMakeTmp'
/usr/bin/make -f CMakeFiles/cmTC_bf5e4.dir/build.make CMakeFiles/cmTC_bf5e4.dir/build
make[2]: Entering directory '/home/osboxes/SpaceHAUC/tracking-algorithm/CMakeFiles/CMakeTmp'
Building C object CMakeFiles/cmTC_bf5e4.dir/CheckFunctionExists.c.o
/usr/bin/cc   -DCHECK_FUNCTION_EXISTS=pthread_create   -o CMakeFiles/cmTC_bf5e4.dir/CheckFunctionExists.c.o   -c /usr/share/cmake-3.9/Modules/CheckFunctionExists.c
Linking C executable cmTC_bf5e4
/usr/bin/cmake -E cmake_link_script CMakeFiles/cmTC_bf5e4.dir/link.txt --verbose=1
/usr/bin/cc  -DCHECK_FUNCTION_EXISTS=pthread_create    -rdynamic CMakeFiles/cmTC_bf5e4.dir/CheckFunctionExists.c.o  -o cmTC_bf5e4 -lpthreads 
/usr/bin/ld: cannot find -lpthreads
collect2: error: ld returned 1 exit status
CMakeFiles/cmTC_bf5e4.dir/build.make:97: recipe for target 'cmTC_bf5e4' failed
make[2]: *** [cmTC_bf5e4] Error 1
make[2]: Leaving directory '/home/osboxes/SpaceHAUC/tracking-algorithm/CMakeFiles/CMakeTmp'
Makefile:126: recipe for target 'cmTC_bf5e4/fast' failed
make[1]: *** [cmTC_bf5e4/fast] Error 2
make[1]: Leaving directory '/home/osboxes/SpaceHAUC/tracking-algorithm/CMakeFiles/CMakeTmp'


